[0mCompiling "target/cljsbuild/public/js/app.js" from ("src/cljc" "src/cljs" "env/dev/cljs")...
notifying browser that file changed:  target/cljsbuild/public/js/out/goog/deps.js
notifying browser that file changed:  target/cljsbuild/public/js/out/cljs_deps.js
notifying browser that file changed:  out\swagger_service\core.js
[32mSuccessfully compiled "target/cljsbuild/public/js/app.js" in 0.581 seconds.[0m
[0mCompiling "target/cljsbuild/public/js/app.js" from ("src/cljc" "src/cljs" "env/dev/cljs")...
notifying browser that file changed:  target/cljsbuild/public/js/out/cljs_deps.js
notifying browser that file changed:  out\swagger_service\core.js
[32mSuccessfully compiled "target/cljsbuild/public/js/app.js" in 0.4 seconds.[0m
[0mCompiling "target/cljsbuild/public/js/app.js" from ("src/cljc" "src/cljs" "env/dev/cljs")...
notifying browser that file changed:  out\swagger_service\core.js
[32mSuccessfully compiled "target/cljsbuild/public/js/app.js" in 0.378 seconds.[0m
[0mCompiling "target/cljsbuild/public/js/app.js" from ("src/cljc" "src/cljs" "env/dev/cljs")...
notifying browser that file changed:  out\swagger_service\core.js
[32mSuccessfully compiled "target/cljsbuild/public/js/app.js" in 0.376 seconds.[0m
[0mCompiling "target/cljsbuild/public/js/app.js" from ("src/cljc" "src/cljs" "env/dev/cljs")...
notifying browser that file changed:  out\swagger_service\core.js
[32mSuccessfully compiled "target/cljsbuild/public/js/app.js" in 0.413 seconds.[0m
[0mCompiling "target/cljsbuild/public/js/app.js" from ("src/cljc" "src/cljs" "env/dev/cljs")...
notifying browser that file changed:  out\swagger_service\core.js
[32mSuccessfully compiled "target/cljsbuild/public/js/app.js" in 0.423 seconds.[0m
